<?xml version="1.0" encoding="UTF-8"?>
<!-- Generated by org.testng.reporters.JUnitReportReporter -->
<testsuite hostname="DESKTOP-GKVRTSF" failures="0" tests="1" name="restAPIXML.XMLExample" time="3.710" errors="0" timestamp="04 Dec 2022 05:17:44 GMT" skipped="0">
  <testcase classname="restAPIXML.XMLExample" name="Test1" time="3.710"/>
</testsuite> <!-- restAPIXML.XMLExample -->
