<?xml version="1.0" encoding="UTF-8"?>
<!-- Generated by org.testng.reporters.JUnitReportReporter -->
<testsuite hostname="DESKTOP-GKVRTSF" failures="0" tests="1" name="restAPI.GetRequest" time="3.329" errors="0" timestamp="03 Dec 2022 06:38:12 GMT" skipped="0">
  <testcase classname="restAPI.GetRequest" name="test1" time="3.329"/>
</testsuite> <!-- restAPI.GetRequest -->
