<?xml version="1.0" encoding="UTF-8"?>
<!-- Generated by org.testng.reporters.JUnitReportReporter -->
<testsuite hostname="DESKTOP-GKVRTSF" failures="0" tests="1" name="restAPI.PostReqWithMap" time="2.848" errors="0" timestamp="03 Dec 2022 07:17:02 GMT" skipped="0">
  <testcase classname="restAPI.PostReqWithMap" name="Test1" time="2.848"/>
</testsuite> <!-- restAPI.PostReqWithMap -->
