<?xml version="1.0" encoding="UTF-8"?>
<!-- Generated by org.testng.reporters.JUnitReportReporter -->
<testsuite hostname="DESKTOP-GKVRTSF" failures="0" tests="1" name="restGitHub.CreateRepo" time="4.527" errors="0" timestamp="04 Dec 2022 07:14:01 GMT" skipped="0">
  <testcase classname="restGitHub.CreateRepo" name="test1" time="4.527"/>
</testsuite> <!-- restGitHub.CreateRepo -->
