<?xml version="1.0" encoding="UTF-8"?>
<!-- Generated by org.testng.reporters.JUnitReportReporter -->
<testsuite hostname="DESKTOP-GKVRTSF" failures="0" tests="1" name="restAPIBDD.PostRequest" time="4.785" errors="0" timestamp="04 Dec 2022 06:41:57 GMT" skipped="0">
  <testcase classname="restAPIBDD.PostRequest" name="Test1" time="4.785"/>
</testsuite> <!-- restAPIBDD.PostRequest -->
