<?xml version="1.0" encoding="UTF-8"?>
<!-- Generated by org.testng.reporters.JUnitReportReporter -->
<testsuite hostname="DESKTOP-GKVRTSF" failures="0" tests="1" name="restAPI.GetRequestWithParameter" time="3.682" errors="0" timestamp="03 Dec 2022 06:28:41 GMT" skipped="0">
  <testcase classname="restAPI.GetRequestWithParameter" name="test1" time="3.682"/>
</testsuite> <!-- restAPI.GetRequestWithParameter -->
