<?xml version="1.0" encoding="UTF-8"?>
<!-- Generated by org.testng.reporters.JUnitReportReporter -->
<testsuite hostname="DESKTOP-GKVRTSF" failures="0" tests="1" name="restAPIBDD.GetRequest" time="3.768" errors="0" timestamp="04 Dec 2022 06:50:05 GMT" skipped="0">
  <testcase classname="restAPIBDD.GetRequest" name="test3" time="3.768"/>
</testsuite> <!-- restAPIBDD.GetRequest -->
