<?xml version="1.0" encoding="UTF-8"?>
<!-- Generated by org.testng.reporters.JUnitReportReporter -->
<testsuite hostname="DESKTOP-GKVRTSF" failures="0" tests="1" name="restAPI.PostRequest" time="2.761" errors="0" timestamp="03 Dec 2022 06:58:34 GMT" skipped="0">
  <testcase classname="restAPI.PostRequest" name="test1" time="2.761"/>
</testsuite> <!-- restAPI.PostRequest -->
