<?xml version="1.0" encoding="UTF-8"?>
<!-- Generated by org.testng.reporters.JUnitReportReporter -->
<testsuite hostname="DESKTOP-GKVRTSF" failures="0" tests="1" name="restAPI.PutRequest" time="2.690" errors="0" timestamp="04 Dec 2022 04:33:30 GMT" skipped="0">
  <testcase classname="restAPI.PutRequest" name="Test1" time="2.690"/>
</testsuite> <!-- restAPI.PutRequest -->
