<?xml version="1.0" encoding="UTF-8"?>
<!-- Generated by org.testng.reporters.JUnitReportReporter -->
<testsuite hostname="DESKTOP-GKVRTSF" failures="0" tests="1" name="restAPI.PatchRequest" time="3.150" errors="0" timestamp="04 Dec 2022 04:35:34 GMT" skipped="0">
  <testcase classname="restAPI.PatchRequest" name="Test1" time="3.150"/>
</testsuite> <!-- restAPI.PatchRequest -->
