<?xml version="1.0" encoding="UTF-8"?>
<!-- Generated by org.testng.reporters.JUnitReportReporter -->
<testsuite hostname="DESKTOP-GKVRTSF" failures="0" tests="1" name="restAPI.PostRequestWithFile" time="2.419" errors="0" timestamp="04 Dec 2022 07:23:34 GMT" skipped="0">
  <testcase classname="restAPI.PostRequestWithFile" name="Test1" time="2.419"/>
</testsuite> <!-- restAPI.PostRequestWithFile -->
